[debug] [2019-11-02T23:20:13.996Z] ----------------------------------------------------------------------
[debug] [2019-11-02T23:20:13.998Z] Command:       C:\Program Files\nodejs\node.exe C:\Users\Cristhian_Apolo\AppData\Roaming\npm\node_modules\firebase-tools\lib\bin\firebase.js init
[debug] [2019-11-02T23:20:13.998Z] CLI Version:   7.6.1
[debug] [2019-11-02T23:20:13.998Z] Platform:      win32
[debug] [2019-11-02T23:20:13.998Z] Node Version:  v11.12.0
[debug] [2019-11-02T23:20:13.999Z] Time:          Sat Nov 02 2019 18:20:13 GMT-0500 (GMT-05:00)
[debug] [2019-11-02T23:20:13.999Z] ----------------------------------------------------------------------
[debug] [2019-11-02T23:20:13.999Z] 
[debug] [2019-11-02T23:20:14.012Z] > command requires scopes: ["email","openid","https://www.googleapis.com/auth/cloudplatformprojects.readonly","https://www.googleapis.com/auth/firebase","https://www.googleapis.com/auth/cloud-platform"]
[debug] [2019-11-02T23:20:14.013Z] > authorizing via signed-in user
[info] 
     ######## #### ########  ######## ########     ###     ######  ########
     ##        ##  ##     ## ##       ##     ##  ##   ##  ##       ##
     ######    ##  ########  ######   ########  #########  ######  ######
     ##        ##  ##    ##  ##       ##     ## ##     ##       ## ##
     ##       #### ##     ## ######## ########  ##     ##  ######  ########

You're about to initialize a Firebase project in this directory:

  D:\Git\Manage_Password

[info] 
=== Project Setup
[info] 
[info] First, let's associate this project directory with a Firebase project.
[info] You can create multiple project aliases by running firebase use --add, 
[info] but for now we'll just set up a default project.
[info] 
[debug] [2019-11-02T23:20:28.826Z] > refreshing access token with scopes: ["email","https://www.googleapis.com/auth/cloud-platform","https://www.googleapis.com/auth/cloudplatformprojects.readonly","https://www.googleapis.com/auth/firebase","openid"]
[debug] [2019-11-02T23:20:28.827Z] >>> HTTP REQUEST POST https://www.googleapis.com/oauth2/v3/token  
 <request body omitted>
[debug] [2019-11-02T23:20:29.872Z] <<< HTTP RESPONSE 200
[debug] [2019-11-02T23:20:29.889Z] >>> HTTP REQUEST GET https://firebase.googleapis.com/v1beta1/projects?pageSize=100  
 
[debug] [2019-11-02T23:20:31.207Z] <<< HTTP RESPONSE 200
